[debug] [2021-06-07T04:55:15.458Z] ----------------------------------------------------------------------
[debug] [2021-06-07T04:55:15.465Z] Command:       C:\Program Files\nodejs\node.exe C:\Users\qnhat\AppData\Roaming\npm\node_modules\firebase-tools\lib\bin\firebase.js init
[debug] [2021-06-07T04:55:15.467Z] CLI Version:   9.8.0
[debug] [2021-06-07T04:55:15.467Z] Platform:      win32
[debug] [2021-06-07T04:55:15.467Z] Node Version:  v15.5.1
[debug] [2021-06-07T04:55:15.485Z] Time:          Mon Jun 07 2021 11:55:15 GMT+0700 (Indochina Time)
[debug] [2021-06-07T04:55:15.486Z] ----------------------------------------------------------------------
[debug] 
[debug] [2021-06-07T04:55:15.503Z] > command requires scopes: ["email","openid","https://www.googleapis.com/auth/cloudplatformprojects.readonly","https://www.googleapis.com/auth/firebase","https://www.googleapis.com/auth/cloud-platform"]
[debug] [2021-06-07T04:55:15.505Z] > authorizing via signed-in user
[info] 
     ######## #### ########  ######## ########     ###     ######  ########
     ##        ##  ##     ## ##       ##     ##  ##   ##  ##       ##
     ######    ##  ########  ######   ########  #########  ######  ######
     ##        ##  ##    ##  ##       ##     ## ##     ##       ## ##
     ##       #### ##     ## ######## ########  ##     ##  ######  ########

You're about to initialize a Firebase project in this directory:

  F:\React Projects\music-app

Before we get started, keep in mind:

  * You are initializing in an existing Firebase project directory

[info] 
=== Project Setup
[info] 
[info] First, let's associate this project directory with a Firebase project.
[info] You can create multiple project aliases by running firebase use --add, 
[info] but for now we'll just set up a default project.
[info] 
[info] i  .firebaserc already has a default project, using music-app-ea68e. 
[debug] [2021-06-07T04:55:33.490Z] > refreshing access token with scopes: []
[debug] [2021-06-07T04:55:33.491Z] >>> HTTP REQUEST POST https://www.googleapis.com/oauth2/v3/token  
 <request body omitted>
[debug] [2021-06-07T04:55:33.800Z] <<< HTTP RESPONSE 200 {"pragma":"no-cache","cache-control":"no-cache, no-store, max-age=0, must-revalidate","date":"Mon, 07 Jun 2021 04:55:33 GMT","expires":"Mon, 01 Jan 1990 00:00:00 GMT","content-type":"application/json; charset=utf-8","vary":"X-Origin, Referer, Origin,Accept-Encoding","server":"scaffolding on HTTPServer2","x-xss-protection":"0","x-frame-options":"SAMEORIGIN","x-content-type-options":"nosniff","alt-svc":"h3-29=\":443\"; ma=2592000,h3-T051=\":443\"; ma=2592000,h3-Q050=\":443\"; ma=2592000,h3-Q046=\":443\"; ma=2592000,h3-Q043=\":443\"; ma=2592000,quic=\":443\"; ma=2592000; v=\"46,43\"","accept-ranges":"none","transfer-encoding":"chunked"}
[debug] [2021-06-07T04:55:33.821Z] >>> [apiv2][query] GET https://firebase.googleapis.com/v1beta1/projects/music-app-ea68e [none]
[debug] [2021-06-07T04:55:34.402Z] <<< [apiv2][status] GET https://firebase.googleapis.com/v1beta1/projects/music-app-ea68e 200
[debug] [2021-06-07T04:55:34.402Z] <<< [apiv2][body] GET https://firebase.googleapis.com/v1beta1/projects/music-app-ea68e {"projectId":"music-app-ea68e","projectNumber":"1060044769193","displayName":"music-app","name":"projects/music-app-ea68e","resources":{"hostingSite":"music-app-ea68e","realtimeDatabaseInstance":"music-app-ea68e-default-rtdb"},"state":"ACTIVE"}
[info] 
=== Hosting Setup
[info] 
[info] Your public directory is the folder (relative to your project directory) that
[info] will contain Hosting assets to be uploaded with firebase deploy. If you
[info] have a build process for your assets, use your build's output directory.
[info] 
